Using pre-set license
Built from '2022.3/staging' branch; Version is '2022.3.6f1 (b9e6e7e9fa2d) revision 12183271'; Using compiler version '192829333'; Build Type 'Release'
OS: 'Windows 10  (10.0.19045) 64bit Core' Language: 'ko' Physical Memory: 8145 MB
BatchMode: 1, IsHumanControllingUs: 0, StartBugReporterOnCrash: 0, Is64bit: 1, IsPro: 1

COMMAND LINE ARGUMENTS:
D:\UnityHub_now\2022.3.6f1\Editor\Unity.exe
-adb2
-batchMode
-noUpm
-name
AssetImportWorker0
-projectPath
D:/GithubDesktop_now/Frozzle_1/Frozzle
-logFile
Logs/AssetImportWorker0.log
-srvPort
60221
Successfully changed project path to: D:/GithubDesktop_now/Frozzle_1/Frozzle
D:/GithubDesktop_now/Frozzle_1/Frozzle
[UnityMemory] Configuration Parameters - Can be set up in boot.config
    "memorysetup-bucket-allocator-granularity=16"
    "memorysetup-bucket-allocator-bucket-count=8"
    "memorysetup-bucket-allocator-block-size=33554432"
    "memorysetup-bucket-allocator-block-count=8"
    "memorysetup-main-allocator-block-size=16777216"
    "memorysetup-thread-allocator-block-size=16777216"
    "memorysetup-gfx-main-allocator-block-size=16777216"
    "memorysetup-gfx-thread-allocator-block-size=16777216"
    "memorysetup-cache-allocator-block-size=4194304"
    "memorysetup-typetree-allocator-block-size=2097152"
    "memorysetup-profiler-bucket-allocator-granularity=16"
    "memorysetup-profiler-bucket-allocator-bucket-count=8"
    "memorysetup-profiler-bucket-allocator-block-size=33554432"
    "memorysetup-profiler-bucket-allocator-block-count=8"
    "memorysetup-profiler-allocator-block-size=16777216"
    "memorysetup-profiler-editor-allocator-block-size=1048576"
    "memorysetup-temp-allocator-size-main=16777216"
    "memorysetup-job-temp-allocator-block-size=2097152"
    "memorysetup-job-temp-allocator-block-size-background=1048576"
    "memorysetup-job-temp-allocator-reduction-small-platforms=262144"
    "memorysetup-allocator-temp-initial-block-size-main=262144"
    "memorysetup-allocator-temp-initial-block-size-worker=262144"
    "memorysetup-temp-allocator-size-background-worker=32768"
    "memorysetup-temp-allocator-size-job-worker=262144"
    "memorysetup-temp-allocator-size-preload-manager=33554432"
    "memorysetup-temp-allocator-size-nav-mesh-worker=65536"
    "memorysetup-temp-allocator-size-audio-worker=65536"
    "memorysetup-temp-allocator-size-cloud-worker=32768"
    "memorysetup-temp-allocator-size-gi-baking-worker=262144"
    "memorysetup-temp-allocator-size-gfx=262144"
Player connection [18784] Host "[IP] 192.168.35.131 [Port] 0 [Flags] 2 [Guid] 2966689980 [EditorId] 2966689980 [Version] 1048832 [Id] WindowsEditor(7,DESKTOP-RTP4CKQ) [Debug] 1 [PackageName] WindowsEditor [ProjectName] Editor" joined multi-casting on [225.0.0.222:54997]...

Player connection [18784] Host "[IP] 192.168.35.131 [Port] 0 [Flags] 2 [Guid] 2966689980 [EditorId] 2966689980 [Version] 1048832 [Id] WindowsEditor(7,DESKTOP-RTP4CKQ) [Debug] 1 [PackageName] WindowsEditor [ProjectName] Editor" joined alternative multi-casting on [225.0.0.222:34997]...

Refreshing native plugins compatible for Editor in 332.99 ms, found 4 plugins.
Preloading 0 native plugins for Editor in 0.00 ms.
Initialize engine version: 2022.3.6f1 (b9e6e7e9fa2d)
[Subsystems] Discovering subsystems at path D:/UnityHub_now/2022.3.6f1/Editor/Data/Resources/UnitySubsystems
[Subsystems] Discovering subsystems at path D:/GithubDesktop_now/Frozzle_1/Frozzle/Assets
GfxDevice: creating device client; threaded=0; jobified=0
Direct3D:
    Version:  Direct3D 11.0 [level 11.1]
    Renderer: NVIDIA GeForce GTX 1050 (ID=0x1c81)
    Vendor:   NVIDIA
    VRAM:     1976 MB
    Driver:   31.0.15.3623
Initialize mono
Mono path[0] = 'D:/UnityHub_now/2022.3.6f1/Editor/Data/Managed'
Mono path[1] = 'D:/UnityHub_now/2022.3.6f1/Editor/Data/MonoBleedingEdge/lib/mono/unityjit-win32'
Mono config path = 'D:/UnityHub_now/2022.3.6f1/Editor/Data/MonoBleedingEdge/etc'
Using monoOptions --debugger-agent=transport=dt_socket,embedding=1,server=y,suspend=n,address=127.0.0.1:56000
Begin MonoManager ReloadAssembly
Registering precompiled unity dll's ...
Register platform support module: D:/UnityHub_now/2022.3.6f1/Editor/Data/PlaybackEngines/WebGLSupport/UnityEditor.WebGL.Extensions.dll
Register platform support module: D:/UnityHub_now/2022.3.6f1/Editor/Data/PlaybackEngines/AndroidPlayer/UnityEditor.Android.Extensions.dll
Register platform support module: D:/UnityHub_now/2022.3.6f1/Editor/Data/PlaybackEngines/WindowsStandaloneSupport/UnityEditor.WindowsStandalone.Extensions.dll
Registered in 0.104774 seconds.
- Loaded All Assemblies, in  2.178 seconds
Native extension for WindowsStandalone target not found
Native extension for Android target not found
Android Extension - Scanning For ADB Devices 751 ms
Native extension for WebGL target not found
Mono: successfully reloaded assembly
- Finished resetting the current domain, in  1.421 seconds
Domain Reload Profiling: 3601ms
	BeginReloadAssembly (1399ms)
		ExecutionOrderSort (0ms)
		DisableScriptedObjects (0ms)
		BackupInstance (0ms)
		ReleaseScriptingObjects (0ms)
		CreateAndSetChildDomain (1ms)
	RebuildCommonClasses (167ms)
	RebuildNativeTypeToScriptingClass (13ms)
	initialDomainReloadingComplete (205ms)
	LoadAllAssembliesAndSetupDomain (395ms)
		LoadAssemblies (1402ms)
		RebuildTransferFunctionScriptingTraits (0ms)
		AnalyzeDomain (381ms)
			TypeCache.Refresh (380ms)
				TypeCache.ScanAssembly (351ms)
			ScanForSourceGeneratedMonoScriptInfo (1ms)
			ResolveRequiredComponents (1ms)
	FinalizeReload (1422ms)
		ReleaseScriptCaches (0ms)
		RebuildScriptCaches (0ms)
		SetupLoadedEditorAssemblies (1315ms)
			LogAssemblyErrors (0ms)
			InitializePlatformSupportModulesInManaged (987ms)
			SetLoadedEditorAssemblies (6ms)
			RefreshPlugins (0ms)
			BeforeProcessingInitializeOnLoad (5ms)
			ProcessInitializeOnLoadAttributes (186ms)
			ProcessInitializeOnLoadMethodAttributes (131ms)
			AfterProcessingInitializeOnLoad (0ms)
			EditorAssembliesLoaded (0ms)
		ExecutionOrderSort2 (0ms)
		AwakeInstancesAfterBackupRestoration (0ms)
========================================================================
Worker process is ready to serve import requests
Begin MonoManager ReloadAssembly
Symbol file LoadedFromMemory doesn't match image D:\GithubDesktop_now\Frozzle_1\Frozzle\Library\PackageCache\com.unity.visualscripting@1.8.0\Editor\VisualScripting.Core\Dependencies\YamlDotNet\Unity.VisualScripting.YamlDotNet.dll
Symbol file LoadedFromMemory doesn't match image D:\GithubDesktop_now\Frozzle_1\Frozzle\Library\PackageCache\com.unity.visualscripting@1.8.0\Editor\VisualScripting.Core\Dependencies\DotNetZip\Unity.VisualScripting.IonicZip.dll
- Loaded All Assemblies, in  2.934 seconds
Refreshing native plugins compatible for Editor in 12.27 ms, found 4 plugins.
Native extension for WindowsStandalone target not found
Native extension for Android target not found
Native extension for WebGL target not found
System.Exception: Error! Visual Scripting: couldn't find visual scripting package
  at Unity.VisualScripting.PackageVersionUtility.get_version () [0x00043] in .\Library\PackageCache\com.unity.visualscripting@1.8.0\Editor\VisualScripting.Core\Utilities\PackageVersionUtility.cs:31 
  at Unity.VisualScripting.BoltCoreManifest.get_version () [0x00000] in .\Library\PackageCache\com.unity.visualscripting@1.8.0\Editor\VisualScripting.Core\Plugin\BoltCoreManifest.cs:11 
  at Unity.VisualScripting.PluginManifest.get_currentVersion () [0x00000] in .\Library\PackageCache\com.unity.visualscripting@1.8.0\Editor\VisualScripting.Core\Plugins\PluginManifest.cs:33 
  at Unity.VisualScripting.PluginManifest.get_versionMismatch () [0x00000] in .\Library\PackageCache\com.unity.visualscripting@1.8.0\Editor\VisualScripting.Core\Plugins\PluginManifest.cs:48 
  at Unity.VisualScripting.PluginContainer.Initialize () [0x00525] in .\Library\PackageCache\com.unity.visualscripting@1.8.0\Editor\VisualScripting.Core\Plugins\PluginContainer.cs:208 
  at Unity.VisualScripting.PluginContainer.InitializeOnLoad () [0x00009] in .\Library\PackageCache\com.unity.visualscripting@1.8.0\Editor\VisualScripting.Core\Plugins\PluginContainer.cs:32 
  at Unity.VisualScripting.VSUsageUtility.DoInitializeOnLoadCalls () [0x00034] in .\Library\PackageCache\com.unity.visualscripting@1.8.0\Editor\VisualScripting.Core\Utilities\VSUsageUtility.cs:76 
  at Unity.VisualScripting.VSUsageUtility.set_isVisualScriptingUsed (System.Boolean value) [0x0002c] in .\Library\PackageCache\com.unity.visualscripting@1.8.0\Editor\VisualScripting.Core\Utilities\VSUsageUtility.cs:114 
  at Unity.VisualScripting.VSUsageUtility.CheckAndSetIsVisualScriptingUsed () [0x00032] in .\Library\PackageCache\com.unity.visualscripting@1.8.0\Editor\VisualScripting.Core\Utilities\VSUsageUtility.cs:48 
  at Unity.VisualScripting.VSUsageUtility..cctor () [0x00000] in .\Library\PackageCache\com.unity.visualscripting@1.8.0\Editor\VisualScripting.Core\Utilities\VSUsageUtility.cs:22 
UnityEngine.StackTraceUtility:ExtractStackTrace ()
UnityEngine.DebugLogHandler:LogFormat (UnityEngine.LogType,UnityEngine.Object,string,object[])
UnityEngine.Logger:Log (UnityEngine.LogType,object)
UnityEngine.Debug:LogError (object)
UnityEditor.EditorAssemblies:ProcessInitializeOnLoadAttributes (System.Type[])

Mono: successfully reloaded assembly
- Finished resetting the current domain, in  6.328 seconds
Domain Reload Profiling: 9257ms
	BeginReloadAssembly (425ms)
		ExecutionOrderSort (0ms)
		DisableScriptedObjects (25ms)
		BackupInstance (0ms)
		ReleaseScriptingObjects (0ms)
		CreateAndSetChildDomain (72ms)
	RebuildCommonClasses (91ms)
	RebuildNativeTypeToScriptingClass (21ms)
	initialDomainReloadingComplete (93ms)
	LoadAllAssembliesAndSetupDomain (2298ms)
		LoadAssemblies (1813ms)
		RebuildTransferFunctionScriptingTraits (0ms)
		AnalyzeDomain (747ms)
			TypeCache.Refresh (658ms)
				TypeCache.ScanAssembly (570ms)
			ScanForSourceGeneratedMonoScriptInfo (77ms)
			ResolveRequiredComponents (12ms)
	FinalizeReload (6328ms)
		ReleaseScriptCaches (0ms)
		RebuildScriptCaches (0ms)
		SetupLoadedEditorAssemblies (5014ms)
			LogAssemblyErrors (0ms)
			InitializePlatformSupportModulesInManaged (63ms)
			SetLoadedEditorAssemblies (10ms)
			RefreshPlugins (0ms)
			BeforeProcessingInitializeOnLoad (175ms)
			ProcessInitializeOnLoadAttributes (4635ms)
			ProcessInitializeOnLoadMethodAttributes (60ms)
			AfterProcessingInitializeOnLoad (70ms)
			EditorAssembliesLoaded (0ms)
		ExecutionOrderSort2 (0ms)
		AwakeInstancesAfterBackupRestoration (36ms)
Launched and connected shader compiler UnityShaderCompiler.exe after 0.29 seconds
Refreshing native plugins compatible for Editor in 13.42 ms, found 4 plugins.
Preloading 0 native plugins for Editor in 0.00 ms.
Unloading 4456 Unused Serialized files (Serialized files now loaded: 0)
Unloading 70 unused Assets / (62.1 KB). Loaded Objects now: 4925.
Memory consumption went from 162.2 MB to 162.1 MB.
Total: 21.553000 ms (FindLiveObjects: 0.700200 ms CreateObjectMapping: 0.708000 ms MarkObjects: 19.989800 ms  DeleteObjects: 0.154000 ms)

AssetImportParameters requested are different than current active one (requested -> active):
  custom:container-demuxer-ogg: 62fdf1f143b41e24485cea50d1cbac27 -> 
  custom:video-decoder-ogg-theora: a1e56fd34408186e4bbccfd4996cb3dc -> 
  custom:framework-win-MediaFoundation: 216162199b28c13a410421893ffa2e32 -> 
  custom:CustomObjectIndexerAttribute: 756ad292c208cfabdd7b50bc23989ffe -> 
  custom:container-demuxer-webm: 4f35f7cbe854078d1ac9338744f61a02 -> 
  custom:container-muxer-webm: aa71ff27fc2769a1b78a27578f13a17b -> 
  custom:video-decoder-webm-vp8: 9c59270c3fd7afecdb556c50c9e8de78 -> 
  custom:SearchIndexIgnoredProperties: e643bd26f0fe6173181afceb89e7c659 -> 
  custom:AudioImporter_EditorPlatform: d09bf68614088b80899f8185d706f6e7 -> 
  custom:video-encoder-webm-vp8: eb34c28f22e8b96e1ab97ce403110664 -> 
  custom:audio-decoder-ogg-vorbis: bf7c407c2cedff20999df2af8eb42d56 -> 
  custom:audio-encoder-webm-vorbis: bf7c407c2cedff20999df2af8eb42d56 -> 
========================================================================
Received Import Request.
  Time since last request: 12760.081612 seconds.
  path: Assets/Sprite/Player/cold_spell_rightside.png
  artifactKey: Guid(f5fb96116991fda4d91fbcc086a4a59e) Importer(815301076,1909f56bfc062723c751e8b465ee728b)
Start importing Assets/Sprite/Player/cold_spell_rightside.png using Guid(f5fb96116991fda4d91fbcc086a4a59e) Importer(815301076,1909f56bfc062723c751e8b465ee728b)  -> (artifact id: '827e0cb2c01578943dc8c72d816c2ba5') in 0.241607 seconds
Number of updated asset objects reloaded before import = 0
Number of asset objects unloaded after import = 3
========================================================================
Received Import Request.
  Time since last request: 0.000038 seconds.
  path: Assets/Sprite/Player/cold_spell_leftside).png
  artifactKey: Guid(3ac952d56fea2914eb39fdaa42de9769) Importer(815301076,1909f56bfc062723c751e8b465ee728b)
Start importing Assets/Sprite/Player/cold_spell_leftside).png using Guid(3ac952d56fea2914eb39fdaa42de9769) Importer(815301076,1909f56bfc062723c751e8b465ee728b)  -> (artifact id: 'fc92600f2a4f69b8f2084c9dfd2128ce') in 0.060651 seconds
Number of updated asset objects reloaded before import = 0
Number of asset objects unloaded after import = 3
========================================================================
Received Import Request.
  Time since last request: 1062.268916 seconds.
  path: Assets/Sprite/Player/cold_spell_rightside1.png
  artifactKey: Guid(7c04121aeb5f8ec40b9d171c51082434) Importer(815301076,1909f56bfc062723c751e8b465ee728b)
Start importing Assets/Sprite/Player/cold_spell_rightside1.png using Guid(7c04121aeb5f8ec40b9d171c51082434) Importer(815301076,1909f56bfc062723c751e8b465ee728b)  -> (artifact id: '8110f2da98ace816f60aad0e12849ad5') in 0.040452 seconds
Number of updated asset objects reloaded before import = 0
Number of asset objects unloaded after import = 3
========================================================================
Received Import Request.
  Time since last request: 27.734254 seconds.
  path: Assets/Sprite/Player/cold_spell_leftside).png
  artifactKey: Guid(3ac952d56fea2914eb39fdaa42de9769) Importer(815301076,1909f56bfc062723c751e8b465ee728b)
Start importing Assets/Sprite/Player/cold_spell_leftside).png using Guid(3ac952d56fea2914eb39fdaa42de9769) Importer(815301076,1909f56bfc062723c751e8b465ee728b)  -> (artifact id: 'a3e8fb1569c0651786a1643fea817268') in 0.016708 seconds
Number of updated asset objects reloaded before import = 0
Number of asset objects unloaded after import = 2
========================================================================
Received Import Request.
  Time since last request: 76.661168 seconds.
  path: Assets/Sprite/Player/cold_spell_leftside).png
  artifactKey: Guid(3ac952d56fea2914eb39fdaa42de9769) Importer(815301076,1909f56bfc062723c751e8b465ee728b)
Start importing Assets/Sprite/Player/cold_spell_leftside).png using Guid(3ac952d56fea2914eb39fdaa42de9769) Importer(815301076,1909f56bfc062723c751e8b465ee728b)  -> (artifact id: 'b696da29c50c11ea75bc02dc6e85cd0d') in 0.084650 seconds
Number of updated asset objects reloaded before import = 0
Number of asset objects unloaded after import = 17
========================================================================
Received Import Request.
  Time since last request: 17.388198 seconds.
  path: Assets/Sprite/Player/cold_spell_rightside1.png
  artifactKey: Guid(7c04121aeb5f8ec40b9d171c51082434) Importer(815301076,1909f56bfc062723c751e8b465ee728b)
Start importing Assets/Sprite/Player/cold_spell_rightside1.png using Guid(7c04121aeb5f8ec40b9d171c51082434) Importer(815301076,1909f56bfc062723c751e8b465ee728b)  -> (artifact id: 'fc9f1d79402a3ee46aed7e124f276e3d') in 0.051749 seconds
Number of updated asset objects reloaded before import = 0
Number of asset objects unloaded after import = 2
========================================================================
Received Import Request.
  Time since last request: 8.847186 seconds.
  path: Assets/Sprite/Player/cold_spell_rightside1.png
  artifactKey: Guid(7c04121aeb5f8ec40b9d171c51082434) Importer(815301076,1909f56bfc062723c751e8b465ee728b)
Start importing Assets/Sprite/Player/cold_spell_rightside1.png using Guid(7c04121aeb5f8ec40b9d171c51082434) Importer(815301076,1909f56bfc062723c751e8b465ee728b)  -> (artifact id: '2646ca58abbf55f4c9fd3e3eb8dea6c5') in 0.101769 seconds
Number of updated asset objects reloaded before import = 0
Number of asset objects unloaded after import = 17
========================================================================
Received Import Request.
  Time since last request: 159.457971 seconds.
  path: Assets/Sprite/Player/cold_spell_leftside)_0.controller
  artifactKey: Guid(44cf0d80af8541c4b8be1da4e2e6572c) Importer(815301076,1909f56bfc062723c751e8b465ee728b)
Start importing Assets/Sprite/Player/cold_spell_leftside)_0.controller using Guid(44cf0d80af8541c4b8be1da4e2e6572c) Importer(815301076,1909f56bfc062723c751e8b465ee728b)  -> (artifact id: 'e539674e8c4840c0b44b6930b069c7e4') in 0.003955 seconds
Number of updated asset objects reloaded before import = 0
Number of asset objects unloaded after import = 1
========================================================================
Received Import Request.
  Time since last request: 0.395188 seconds.
  path: Assets/Sprite/Player/cold_spell_rightside1_0.controller
  artifactKey: Guid(d133d89a03ef5e3439037484bd7b844a) Importer(815301076,1909f56bfc062723c751e8b465ee728b)
Start importing Assets/Sprite/Player/cold_spell_rightside1_0.controller using Guid(d133d89a03ef5e3439037484bd7b844a) Importer(815301076,1909f56bfc062723c751e8b465ee728b)  -> (artifact id: 'a9b8d3e4845da6a6fb81155306e1c6ad') in 0.001394 seconds
Number of updated asset objects reloaded before import = 0
Number of asset objects unloaded after import = 1
========================================================================
Received Import Request.
  Time since last request: 64.066244 seconds.
  path: Assets/Scripts/Mouse.inputactions
  artifactKey: Guid(0d448f9ecf812804ba8275ae4859b5b4) Importer(815301076,1909f56bfc062723c751e8b465ee728b)
Start importing Assets/Scripts/Mouse.inputactions using Guid(0d448f9ecf812804ba8275ae4859b5b4) Importer(815301076,1909f56bfc062723c751e8b465ee728b)  -> (artifact id: 'db21e73c23bc499e9eee7dcb54b85dad') in 0.054623 seconds
Number of updated asset objects reloaded before import = 0
Number of asset objects unloaded after import = 3
========================================================================
Received Import Request.
  Time since last request: 2.057958 seconds.
  path: Assets/Sprite/Frozzle_Logo.png
  artifactKey: Guid(f950e6c26e5bac24d93bab55f049eec5) Importer(815301076,1909f56bfc062723c751e8b465ee728b)
Start importing Assets/Sprite/Frozzle_Logo.png using Guid(f950e6c26e5bac24d93bab55f049eec5) Importer(815301076,1909f56bfc062723c751e8b465ee728b)  -> (artifact id: 'aacbe111770d3f6f13a7c7a49961d18b') in 0.041134 seconds
Number of updated asset objects reloaded before import = 0
Number of asset objects unloaded after import = 3
========================================================================
Received Import Request.
  Time since last request: 0.105017 seconds.
  path: Assets/Sprite/pause.gif
  artifactKey: Guid(f8cfc05e77c66b646ae83490b8648254) Importer(815301076,1909f56bfc062723c751e8b465ee728b)
Start importing Assets/Sprite/pause.gif using Guid(f8cfc05e77c66b646ae83490b8648254) Importer(815301076,1909f56bfc062723c751e8b465ee728b)  -> (artifact id: 'c552fc2fa70b15830d7b17fd0e2fec9c') in 0.052600 seconds
Number of updated asset objects reloaded before import = 0
Number of asset objects unloaded after import = 3
========================================================================
Received Import Request.
  Time since last request: 0.021960 seconds.
  path: Assets/Sprite/stoneFallAtlas.png
  artifactKey: Guid(3cbb4dc2744c51f43835818cc69e6e8d) Importer(815301076,1909f56bfc062723c751e8b465ee728b)
Start importing Assets/Sprite/stoneFallAtlas.png using Guid(3cbb4dc2744c51f43835818cc69e6e8d) Importer(815301076,1909f56bfc062723c751e8b465ee728b)  -> (artifact id: 'f4bed64b2adf240baee5d88e8c79141a') in 0.025098 seconds
Number of updated asset objects reloaded before import = 0
Number of asset objects unloaded after import = 5
========================================================================
Received Import Request.
  Time since last request: 0.000020 seconds.
  path: Assets/Sprite/stoneWithWaterRenewal2.png
  artifactKey: Guid(c2ee423c9595bb3458d09b1d2f7e4a08) Importer(815301076,1909f56bfc062723c751e8b465ee728b)
Start importing Assets/Sprite/stoneWithWaterRenewal2.png using Guid(c2ee423c9595bb3458d09b1d2f7e4a08) Importer(815301076,1909f56bfc062723c751e8b465ee728b)  -> (artifact id: '817f92c067f3251a27d9f29b6f46c3b1') in 0.034394 seconds
Number of updated asset objects reloaded before import = 0
Number of asset objects unloaded after import = 3
========================================================================
Received Import Request.
  Time since last request: 0.000025 seconds.
  path: Assets/Sprite/stoneWithWaterRenewal5.png
  artifactKey: Guid(40c3a6d2f957c604b987c8b45f7e20bb) Importer(815301076,1909f56bfc062723c751e8b465ee728b)
Start importing Assets/Sprite/stoneWithWaterRenewal5.png using Guid(40c3a6d2f957c604b987c8b45f7e20bb) Importer(815301076,1909f56bfc062723c751e8b465ee728b)  -> (artifact id: 'faf5f5dacfa5bbae841fbd5f03f5218a') in 0.016807 seconds
Number of updated asset objects reloaded before import = 0
Number of asset objects unloaded after import = 3
========================================================================
Received Import Request.
  Time since last request: 0.000021 seconds.
  path: Assets/Sprite/stoneWithWaterRenewal4.png
  artifactKey: Guid(1317de841a4481d4ca51b24cf1ed504c) Importer(815301076,1909f56bfc062723c751e8b465ee728b)
Start importing Assets/Sprite/stoneWithWaterRenewal4.png using Guid(1317de841a4481d4ca51b24cf1ed504c) Importer(815301076,1909f56bfc062723c751e8b465ee728b)  -> (artifact id: 'c6a1f341f5e468b492d3bbf472c2a660') in 0.017251 seconds
Number of updated asset objects reloaded before import = 0
Number of asset objects unloaded after import = 3
========================================================================
Received Import Request.
  Time since last request: 0.000018 seconds.
  path: Assets/Sprite/stoneWithWaterRenewal7.png
  artifactKey: Guid(eef17aa580f669048a77a4fbd7eaea74) Importer(815301076,1909f56bfc062723c751e8b465ee728b)
Start importing Assets/Sprite/stoneWithWaterRenewal7.png using Guid(eef17aa580f669048a77a4fbd7eaea74) Importer(815301076,1909f56bfc062723c751e8b465ee728b)  -> (artifact id: '9692eed19c7c671a32b2904d72fcba64') in 0.014974 seconds
Number of updated asset objects reloaded before import = 0
Number of asset objects unloaded after import = 3
========================================================================
Received Import Request.
  Time since last request: 0.000018 seconds.
  path: Assets/Sprite/stoneWithWaterRenewal8.png
  artifactKey: Guid(66dd6e57dc6402f4fa9789ba07cdf84a) Importer(815301076,1909f56bfc062723c751e8b465ee728b)
Start importing Assets/Sprite/stoneWithWaterRenewal8.png using Guid(66dd6e57dc6402f4fa9789ba07cdf84a) Importer(815301076,1909f56bfc062723c751e8b465ee728b)  -> (artifact id: '1df324b04bd4feec3d99eb8f0baa4780') in 0.016279 seconds
Number of updated asset objects reloaded before import = 0
Number of asset objects unloaded after import = 3
========================================================================
Received Import Request.
  Time since last request: 0.000017 seconds.
  path: Assets/Sprite/stoneWithWaterRenewal6.png
  artifactKey: Guid(8bd6a6e343971c44ca61b26e5555f334) Importer(815301076,1909f56bfc062723c751e8b465ee728b)
Start importing Assets/Sprite/stoneWithWaterRenewal6.png using Guid(8bd6a6e343971c44ca61b26e5555f334) Importer(815301076,1909f56bfc062723c751e8b465ee728b)  -> (artifact id: 'a7610dae7b354394b1a9674c16a35892') in 0.015820 seconds
Number of updated asset objects reloaded before import = 0
Number of asset objects unloaded after import = 3
========================================================================
Received Import Request.
  Time since last request: 0.000021 seconds.
  path: Assets/Sprite/stoneWithWaterRenewal10.png
  artifactKey: Guid(f55d1b4caedcda543845cf14e9e833da) Importer(815301076,1909f56bfc062723c751e8b465ee728b)
Start importing Assets/Sprite/stoneWithWaterRenewal10.png using Guid(f55d1b4caedcda543845cf14e9e833da) Importer(815301076,1909f56bfc062723c751e8b465ee728b)  -> (artifact id: '43424ef6c7e77a96c7284c30240e06ed') in 0.016027 seconds
Number of updated asset objects reloaded before import = 0
Number of asset objects unloaded after import = 3
========================================================================
Received Import Request.
  Time since last request: 0.000020 seconds.
  path: Assets/Sprite/stoneWithWaterRenewal3.png
  artifactKey: Guid(56f44772971f34345a79d565d6e7bf8c) Importer(815301076,1909f56bfc062723c751e8b465ee728b)
Start importing Assets/Sprite/stoneWithWaterRenewal3.png using Guid(56f44772971f34345a79d565d6e7bf8c) Importer(815301076,1909f56bfc062723c751e8b465ee728b)  -> (artifact id: '71c51227a18266838f89d121008aa579') in 0.016711 seconds
Number of updated asset objects reloaded before import = 0
Number of asset objects unloaded after import = 3
========================================================================
Received Import Request.
  Time since last request: 0.000037 seconds.
  path: Assets/Sprite/tester_ruletile.asset
  artifactKey: Guid(96387beb3a75ee544b5fd77b51052a18) Importer(815301076,1909f56bfc062723c751e8b465ee728b)
Start importing Assets/Sprite/tester_ruletile.asset using Guid(96387beb3a75ee544b5fd77b51052a18) Importer(815301076,1909f56bfc062723c751e8b465ee728b)  -> (artifact id: 'fdcd29d231619a7d9b5a0492a564b45f') in 0.015304 seconds
Number of updated asset objects reloaded before import = 0
Number of asset objects unloaded after import = 4
========================================================================
Received Import Request.
  Time since last request: 0.000016 seconds.
  path: Assets/Sprite/treeStartPoint.asset
  artifactKey: Guid(01d924a4b62f40a41b3b5cad014c50ef) Importer(815301076,1909f56bfc062723c751e8b465ee728b)
Start importing Assets/Sprite/treeStartPoint.asset using Guid(01d924a4b62f40a41b3b5cad014c50ef) Importer(815301076,1909f56bfc062723c751e8b465ee728b)  -> (artifact id: '14a1cc2a36df1280f135b9482695f639') in 0.127051 seconds
Number of updated asset objects reloaded before import = 0
Number of asset objects unloaded after import = 3
========================================================================
Received Import Request.
  Time since last request: 0.000026 seconds.
  path: Assets/Sprite/Animation/tileAnim/waterFlowing.asset
  artifactKey: Guid(500a636909d5f2643b79ef88941fef25) Importer(815301076,1909f56bfc062723c751e8b465ee728b)
Start importing Assets/Sprite/Animation/tileAnim/waterFlowing.asset using Guid(500a636909d5f2643b79ef88941fef25) Importer(815301076,1909f56bfc062723c751e8b465ee728b)  -> (artifact id: 'fecbb65088e1fa43975917d04c71ae4b') in 0.173098 seconds
Number of updated asset objects reloaded before import = 0
Number of asset objects unloaded after import = 11
========================================================================
Received Import Request.
  Time since last request: 0.000032 seconds.
  path: Assets/Sprite/Test.asset
  artifactKey: Guid(b13c94f0f89705d44bbd09d0c970a70a) Importer(815301076,1909f56bfc062723c751e8b465ee728b)
Start importing Assets/Sprite/Test.asset using Guid(b13c94f0f89705d44bbd09d0c970a70a) Importer(815301076,1909f56bfc062723c751e8b465ee728b)  -> (artifact id: '5e211249d5027790cc933f5b8c449cd0') in 0.001753 seconds
Number of updated asset objects reloaded before import = 0
Number of asset objects unloaded after import = 4
========================================================================
Received Import Request.
  Time since last request: 0.000022 seconds.
  path: Assets/Sprite/treeFinal-export.asset
  artifactKey: Guid(8d5ca339b187bfc458f39c326f5b3e22) Importer(815301076,1909f56bfc062723c751e8b465ee728b)
Start importing Assets/Sprite/treeFinal-export.asset using Guid(8d5ca339b187bfc458f39c326f5b3e22) Importer(815301076,1909f56bfc062723c751e8b465ee728b)  -> (artifact id: '423ab4f5c87a6d752ad40faecf885199') in 0.068429 seconds
Number of updated asset objects reloaded before import = 0
Number of asset objects unloaded after import = 3
========================================================================
Received Import Request.
  Time since last request: 0.000031 seconds.
  path: Assets/Sprite/waterBasic.asset
  artifactKey: Guid(867ae8f3c0f32d0449d45247af8e9b33) Importer(815301076,1909f56bfc062723c751e8b465ee728b)
Start importing Assets/Sprite/waterBasic.asset using Guid(867ae8f3c0f32d0449d45247af8e9b33) Importer(815301076,1909f56bfc062723c751e8b465ee728b)  -> (artifact id: 'adaf2f435e313ee806549893f4afd5fd') in 0.007657 seconds
Number of updated asset objects reloaded before import = 0
Number of asset objects unloaded after import = 11
========================================================================
Received Import Request.
  Time since last request: 0.000032 seconds.
  path: Assets/Sprite/Animation/tileAnim/waterFreezingPondTree.asset
  artifactKey: Guid(f8f44208ac5646a40a939344a73b1928) Importer(815301076,1909f56bfc062723c751e8b465ee728b)
Start importing Assets/Sprite/Animation/tileAnim/waterFreezingPondTree.asset using Guid(f8f44208ac5646a40a939344a73b1928) Importer(815301076,1909f56bfc062723c751e8b465ee728b)  -> (artifact id: '8c836c2e59501a35d26b2a032d60a100') in 0.189038 seconds
Number of updated asset objects reloaded before import = 0
Number of asset objects unloaded after import = 7
========================================================================
Received Import Request.
  Time since last request: 0.000885 seconds.
  path: Assets/Sprite/Animation/tileAnim/waterFreezing.asset
  artifactKey: Guid(8863b3916e442424193cd4c200d56909) Importer(815301076,1909f56bfc062723c751e8b465ee728b)
Start importing Assets/Sprite/Animation/tileAnim/waterFreezing.asset using Guid(8863b3916e442424193cd4c200d56909) Importer(815301076,1909f56bfc062723c751e8b465ee728b)  -> (artifact id: 'e676b9acfc42bec386107e6226bc767d') in 0.078916 seconds
Number of updated asset objects reloaded before import = 0
Number of asset objects unloaded after import = 7
========================================================================
Received Import Request.
  Time since last request: 0.000015 seconds.
  path: Assets/Sprite/treeStartPoint.png
  artifactKey: Guid(0e1c457f7f699fd469f6dc186dd1f1bb) Importer(815301076,1909f56bfc062723c751e8b465ee728b)
Start importing Assets/Sprite/treeStartPoint.png using Guid(0e1c457f7f699fd469f6dc186dd1f1bb) Importer(815301076,1909f56bfc062723c751e8b465ee728b)  -> (artifact id: '83d455bd6b75781ca99fad0c26d6d049') in 0.017154 seconds
Number of updated asset objects reloaded before import = 0
Number of asset objects unloaded after import = 3
========================================================================
Received Import Request.
  Time since last request: 0.000017 seconds.
  path: Assets/Sprite/stoneWithWaterRenewal1.png
  artifactKey: Guid(d73829194ebd10d40bb9e960ec94fbcd) Importer(815301076,1909f56bfc062723c751e8b465ee728b)
Start importing Assets/Sprite/stoneWithWaterRenewal1.png using Guid(d73829194ebd10d40bb9e960ec94fbcd) Importer(815301076,1909f56bfc062723c751e8b465ee728b)  -> (artifact id: '642bfce14e9e240b094abc993a01e3c4') in 0.021199 seconds
Number of updated asset objects reloaded before import = 0
Number of asset objects unloaded after import = 3
========================================================================
Received Import Request.
  Time since last request: 0.000020 seconds.
  path: Assets/Sprite/Animation/tileAnim/pollCooling.asset
  artifactKey: Guid(42fa3cf53c09d8e488f09a004181b00f) Importer(815301076,1909f56bfc062723c751e8b465ee728b)
Start importing Assets/Sprite/Animation/tileAnim/pollCooling.asset using Guid(42fa3cf53c09d8e488f09a004181b00f) Importer(815301076,1909f56bfc062723c751e8b465ee728b)  -> (artifact id: '81328434844cfaeefc43869be9159427') in 0.090005 seconds
Number of updated asset objects reloaded before import = 0
Number of asset objects unloaded after import = 11
========================================================================
Received Import Request.
  Time since last request: 0.000023 seconds.
  path: Assets/Sprite/stoneWithWaterRenewal9.png
  artifactKey: Guid(79f49d8a8ce42654197b4b99808a10e5) Importer(815301076,1909f56bfc062723c751e8b465ee728b)
Start importing Assets/Sprite/stoneWithWaterRenewal9.png using Guid(79f49d8a8ce42654197b4b99808a10e5) Importer(815301076,1909f56bfc062723c751e8b465ee728b)  -> (artifact id: 'cd9833c5342451efc554c1ad60b24b2c') in 0.019536 seconds
Number of updated asset objects reloaded before import = 0
Number of asset objects unloaded after import = 3
